[2022-03-07T21:30:43.172Z] Validating found git in: git
[2022-03-07T21:30:43.190Z] Using git 2.25.1 from git
[2022-03-07T21:30:43.201Z] > git rev-parse --git-dir [1ms]
[2022-03-07T21:30:43.204Z] Open repository: /home/utilisateur/.dotfiles
[2022-03-07T21:30:44.147Z] > git symbolic-ref --short HEAD [0ms]
[2022-03-07T21:30:44.151Z] > git for-each-ref --format=%(refname)%00%(upstream:short)%00%(objectname)%00%(upstream:track) refs/heads/main refs/remotes/main [1ms]
[2022-03-07T21:30:44.157Z] > git remote --verbose [1ms]
[2022-03-07T21:30:44.158Z] > git for-each-ref --sort -committerdate --format %(refname) %(objectname) %(*objectname) [4ms]
[2022-03-07T21:30:44.260Z] > git config --get commit.template [4ms]
[2022-03-07T21:30:45.546Z] > git ls-files --stage -- /home/utilisateur/.dotfiles/.emacs.d/init.el [2ms]
[2022-03-07T21:30:45.550Z] > git cat-file -s 5593a699293c90978b0cc159e0baaad9c749d919 [0ms]
[2022-03-07T21:30:46.842Z] > git symbolic-ref --short HEAD [0ms]
[2022-03-07T21:30:46.846Z] > git for-each-ref --format=%(refname)%00%(upstream:short)%00%(objectname)%00%(upstream:track) refs/heads/main refs/remotes/main [1ms]
[2022-03-07T21:30:46.852Z] > git for-each-ref --sort -committerdate --format %(refname) %(objectname) %(*objectname) [3ms]
[2022-03-07T21:30:46.852Z] > git remote --verbose [1ms]
[2022-03-07T21:30:46.919Z] > git config --get commit.template [0ms]
[2022-03-07T21:31:20.882Z] > git symbolic-ref --short HEAD [1ms]
[2022-03-07T21:31:20.886Z] > git for-each-ref --format=%(refname)%00%(upstream:short)%00%(objectname)%00%(upstream:track) refs/heads/main refs/remotes/main [1ms]
[2022-03-07T21:31:20.890Z] > git for-each-ref --sort -committerdate --format %(refname) %(objectname) %(*objectname) [2ms]
[2022-03-07T21:31:20.891Z] > git remote --verbose [1ms]
[2022-03-07T21:31:20.959Z] > git config --get commit.template [2ms]
[2022-03-07T21:31:29.451Z] > git symbolic-ref --short HEAD [1ms]
[2022-03-07T21:31:29.455Z] > git for-each-ref --format=%(refname)%00%(upstream:short)%00%(objectname)%00%(upstream:track) refs/heads/main refs/remotes/main [0ms]
[2022-03-07T21:31:29.463Z] > git for-each-ref --sort -committerdate --format %(refname) %(objectname) %(*objectname) [4ms]
[2022-03-07T21:31:29.464Z] > git remote --verbose [1ms]
[2022-03-07T21:31:29.519Z] > git config --get commit.template [1ms]
[2022-03-07T21:31:35.222Z] > git symbolic-ref --short HEAD [0ms]
[2022-03-07T21:31:35.226Z] > git for-each-ref --format=%(refname)%00%(upstream:short)%00%(objectname)%00%(upstream:track) refs/heads/main refs/remotes/main [1ms]
[2022-03-07T21:31:35.232Z] > git for-each-ref --sort -committerdate --format %(refname) %(objectname) %(*objectname) [3ms]
[2022-03-07T21:31:35.232Z] > git remote --verbose [1ms]
[2022-03-07T21:31:35.284Z] > git config --get commit.template [1ms]
[2022-03-07T21:31:41.473Z] > git symbolic-ref --short HEAD [0ms]
[2022-03-07T21:31:41.477Z] > git for-each-ref --format=%(refname)%00%(upstream:short)%00%(objectname)%00%(upstream:track) refs/heads/main refs/remotes/main [1ms]
[2022-03-07T21:31:41.482Z] > git for-each-ref --sort -committerdate --format %(refname) %(objectname) %(*objectname) [3ms]
[2022-03-07T21:31:41.482Z] > git remote --verbose [0ms]
[2022-03-07T21:31:41.535Z] > git config --get commit.template [1ms]
[2022-03-07T21:31:48.467Z] > git symbolic-ref --short HEAD [1ms]
[2022-03-07T21:31:48.471Z] > git for-each-ref --format=%(refname)%00%(upstream:short)%00%(objectname)%00%(upstream:track) refs/heads/main refs/remotes/main [1ms]
[2022-03-07T21:31:48.477Z] > git for-each-ref --sort -committerdate --format %(refname) %(objectname) %(*objectname) [3ms]
[2022-03-07T21:31:48.477Z] > git remote --verbose [1ms]
[2022-03-07T21:31:48.532Z] > git config --get commit.template [2ms]
[2022-03-07T21:31:57.893Z] > git symbolic-ref --short HEAD [0ms]
[2022-03-07T21:31:57.898Z] > git for-each-ref --format=%(refname)%00%(upstream:short)%00%(objectname)%00%(upstream:track) refs/heads/main refs/remotes/main [1ms]
[2022-03-07T21:31:57.904Z] > git for-each-ref --sort -committerdate --format %(refname) %(objectname) %(*objectname) [3ms]
[2022-03-07T21:31:57.905Z] > git remote --verbose [1ms]
[2022-03-07T21:31:57.961Z] > git config --get commit.template [2ms]
[2022-03-07T21:32:03.681Z] > git symbolic-ref --short HEAD [0ms]
[2022-03-07T21:32:03.685Z] > git for-each-ref --format=%(refname)%00%(upstream:short)%00%(objectname)%00%(upstream:track) refs/heads/main refs/remotes/main [1ms]
[2022-03-07T21:32:03.691Z] > git for-each-ref --sort -committerdate --format %(refname) %(objectname) %(*objectname) [3ms]
[2022-03-07T21:32:03.692Z] > git remote --verbose [1ms]
[2022-03-07T21:32:03.753Z] > git config --get commit.template [3ms]
[2022-03-07T21:32:09.483Z] > git symbolic-ref --short HEAD [0ms]
[2022-03-07T21:32:09.488Z] > git for-each-ref --format=%(refname)%00%(upstream:short)%00%(objectname)%00%(upstream:track) refs/heads/main refs/remotes/main [2ms]
[2022-03-07T21:32:09.494Z] > git for-each-ref --sort -committerdate --format %(refname) %(objectname) %(*objectname) [4ms]
[2022-03-07T21:32:09.494Z] > git remote --verbose [1ms]
[2022-03-07T21:32:09.549Z] > git config --get commit.template [2ms]
[2022-03-07T21:32:22.113Z] > git symbolic-ref --short HEAD [0ms]
[2022-03-07T21:32:22.117Z] > git for-each-ref --format=%(refname)%00%(upstream:short)%00%(objectname)%00%(upstream:track) refs/heads/main refs/remotes/main [1ms]
[2022-03-07T21:32:22.122Z] > git remote --verbose [1ms]
[2022-03-07T21:32:22.122Z] > git for-each-ref --sort -committerdate --format %(refname) %(objectname) %(*objectname) [3ms]
[2022-03-07T21:32:22.181Z] > git config --get commit.template [1ms]
[2022-03-07T21:32:27.909Z] > git symbolic-ref --short HEAD [1ms]
[2022-03-07T21:32:27.913Z] > git for-each-ref --format=%(refname)%00%(upstream:short)%00%(objectname)%00%(upstream:track) refs/heads/main refs/remotes/main [0ms]
[2022-03-07T21:32:27.918Z] > git for-each-ref --sort -committerdate --format %(refname) %(objectname) %(*objectname) [3ms]
[2022-03-07T21:32:27.919Z] > git remote --verbose [1ms]
[2022-03-07T21:32:27.973Z] > git config --get commit.template [1ms]
[2022-03-07T21:33:00.765Z] > git symbolic-ref --short HEAD [1ms]
[2022-03-07T21:33:00.769Z] > git for-each-ref --format=%(refname)%00%(upstream:short)%00%(objectname)%00%(upstream:track) refs/heads/main refs/remotes/main [1ms]
[2022-03-07T21:33:00.776Z] > git remote --verbose [1ms]
[2022-03-07T21:33:00.776Z] > git for-each-ref --sort -committerdate --format %(refname) %(objectname) %(*objectname) [4ms]
[2022-03-07T21:33:00.842Z] > git config --get commit.template [4ms]
[2022-03-07T21:33:06.542Z] > git symbolic-ref --short HEAD [1ms]
[2022-03-07T21:33:06.547Z] > git for-each-ref --format=%(refname)%00%(upstream:short)%00%(objectname)%00%(upstream:track) refs/heads/main refs/remotes/main [1ms]
[2022-03-07T21:33:06.555Z] > git for-each-ref --sort -committerdate --format %(refname) %(objectname) %(*objectname) [4ms]
[2022-03-07T21:33:06.555Z] > git remote --verbose [0ms]
[2022-03-07T21:33:06.609Z] > git config --get commit.template [2ms]
[2022-03-07T21:33:18.358Z] > git symbolic-ref --short HEAD [1ms]
[2022-03-07T21:33:18.362Z] > git for-each-ref --format=%(refname)%00%(upstream:short)%00%(objectname)%00%(upstream:track) refs/heads/main refs/remotes/main [1ms]
[2022-03-07T21:33:18.368Z] > git remote --verbose [1ms]
[2022-03-07T21:33:18.368Z] > git for-each-ref --sort -committerdate --format %(refname) %(objectname) %(*objectname) [3ms]
[2022-03-07T21:33:18.429Z] > git config --get commit.template [4ms]
[2022-03-07T21:33:24.127Z] > git symbolic-ref --short HEAD [0ms]
[2022-03-07T21:33:24.131Z] > git for-each-ref --format=%(refname)%00%(upstream:short)%00%(objectname)%00%(upstream:track) refs/heads/main refs/remotes/main [0ms]
[2022-03-07T21:33:24.137Z] > git for-each-ref --sort -committerdate --format %(refname) %(objectname) %(*objectname) [3ms]
[2022-03-07T21:33:24.138Z] > git remote --verbose [1ms]
[2022-03-07T21:33:24.193Z] > git config --get commit.template [2ms]
[2022-03-07T21:33:30.379Z] > git symbolic-ref --short HEAD [0ms]
[2022-03-07T21:33:30.383Z] > git for-each-ref --format=%(refname)%00%(upstream:short)%00%(objectname)%00%(upstream:track) refs/heads/main refs/remotes/main [1ms]
[2022-03-07T21:33:30.389Z] > git for-each-ref --sort -committerdate --format %(refname) %(objectname) %(*objectname) [3ms]
[2022-03-07T21:33:30.389Z] > git remote --verbose [0ms]
[2022-03-07T21:33:30.446Z] > git config --get commit.template [2ms]
[2022-03-07T21:33:36.167Z] > git symbolic-ref --short HEAD [1ms]
[2022-03-07T21:33:36.171Z] > git for-each-ref --format=%(refname)%00%(upstream:short)%00%(objectname)%00%(upstream:track) refs/heads/main refs/remotes/main [0ms]
[2022-03-07T21:33:36.179Z] > git for-each-ref --sort -committerdate --format %(refname) %(objectname) %(*objectname) [3ms]
[2022-03-07T21:33:36.179Z] > git remote --verbose [0ms]
[2022-03-07T21:33:36.238Z] > git config --get commit.template [3ms]
[2022-03-07T21:33:41.948Z] > git symbolic-ref --short HEAD [1ms]
[2022-03-07T21:33:41.953Z] > git for-each-ref --format=%(refname)%00%(upstream:short)%00%(objectname)%00%(upstream:track) refs/heads/main refs/remotes/main [1ms]
[2022-03-07T21:33:41.959Z] > git for-each-ref --sort -committerdate --format %(refname) %(objectname) %(*objectname) [3ms]
[2022-03-07T21:33:41.959Z] > git remote --verbose [0ms]
[2022-03-07T21:33:42.011Z] > git config --get commit.template [1ms]
[2022-03-07T21:33:47.738Z] > git symbolic-ref --short HEAD [0ms]
[2022-03-07T21:33:47.742Z] > git for-each-ref --format=%(refname)%00%(upstream:short)%00%(objectname)%00%(upstream:track) refs/heads/main refs/remotes/main [1ms]
[2022-03-07T21:33:47.747Z] > git for-each-ref --sort -committerdate --format %(refname) %(objectname) %(*objectname) [3ms]
[2022-03-07T21:33:47.747Z] > git remote --verbose [0ms]
[2022-03-07T21:33:47.801Z] > git config --get commit.template [2ms]
[2022-03-07T21:33:54.744Z] > git symbolic-ref --short HEAD [1ms]
[2022-03-07T21:33:54.747Z] > git for-each-ref --format=%(refname)%00%(upstream:short)%00%(objectname)%00%(upstream:track) refs/heads/main refs/remotes/main [0ms]
[2022-03-07T21:33:54.753Z] > git for-each-ref --sort -committerdate --format %(refname) %(objectname) %(*objectname) [3ms]
[2022-03-07T21:33:54.754Z] > git remote --verbose [1ms]
[2022-03-07T21:33:54.806Z] > git config --get commit.template [2ms]
[2022-03-07T21:34:14.826Z] > git ls-files --stage -- /home/utilisateur/.dotfiles/.emacs.d/config.org [4ms]
[2022-03-07T21:34:14.830Z] > git cat-file -s 61f5787a9d20540c73ba3c4c6d25564c5b7b726b [0ms]
[2022-03-07T21:34:52.198Z] > git ls-files --stage -- /home/utilisateur/.dotfiles/.emacs.d/init.el [3ms]
[2022-03-07T21:34:52.202Z] > git cat-file -s 5593a699293c90978b0cc159e0baaad9c749d919 [1ms]
[2022-03-07T21:34:58.974Z] > git symbolic-ref --short HEAD [1ms]
[2022-03-07T21:34:58.977Z] > git for-each-ref --format=%(refname)%00%(upstream:short)%00%(objectname)%00%(upstream:track) refs/heads/main refs/remotes/main [0ms]
[2022-03-07T21:34:58.983Z] > git remote --verbose [1ms]
[2022-03-07T21:34:58.983Z] > git for-each-ref --sort -committerdate --format %(refname) %(objectname) %(*objectname) [3ms]
[2022-03-07T21:34:59.038Z] > git config --get commit.template [1ms]
[2022-03-07T21:35:11.642Z] > git ls-files --stage -- /home/utilisateur/.dotfiles/.emacs.d/config.org [3ms]
[2022-03-07T21:35:11.647Z] > git cat-file -s 61f5787a9d20540c73ba3c4c6d25564c5b7b726b [1ms]
[2022-03-07T21:35:24.807Z] > git symbolic-ref --short HEAD [1ms]
[2022-03-07T21:35:24.811Z] > git for-each-ref --format=%(refname)%00%(upstream:short)%00%(objectname)%00%(upstream:track) refs/heads/main refs/remotes/main [1ms]
[2022-03-07T21:35:24.817Z] > git remote --verbose [1ms]
[2022-03-07T21:35:24.817Z] > git for-each-ref --sort -committerdate --format %(refname) %(objectname) %(*objectname) [3ms]
[2022-03-07T21:35:24.876Z] > git config --get commit.template [2ms]
