[2022-03-07 22:30:18.334] [exthost] [info] Extension host with pid 31646 started
[2022-03-07 22:30:18.334] [exthost] [info] Skipping acquiring lock for /home/utilisateur/.config/Code/User/workspaceStorage/da3ae103a85630172763374e54cc7e22.
[2022-03-07 22:30:18.457] [exthost] [info] ExtensionService#_doActivateExtension ms-python.python, startup: false, activationEvent: 'onLanguage:python', root cause: ms-python.vscode-pylance
[2022-03-07 22:30:18.590] [exthost] [info] ExtensionService#_doActivateExtension ms-toolsai.jupyter, startup: false, activationEvent: 'onLanguage:python'
[2022-03-07 22:30:18.796] [exthost] [info] ExtensionService#_doActivateExtension vscode.microsoft-authentication, startup: false, activationEvent: 'onAuthenticationRequest:microsoft'
[2022-03-07 22:30:18.830] [exthost] [info] ExtensionService#_doActivateExtension vscode.debug-auto-launch, startup: true, activationEvent: '*'
[2022-03-07 22:30:18.837] [exthost] [info] ExtensionService#_doActivateExtension vscode.git-base, startup: true, activationEvent: '*', root cause: vscode.github
[2022-03-07 22:30:18.840] [exthost] [info] ExtensionService#_doActivateExtension vscode.ipynb, startup: true, activationEvent: '*'
[2022-03-07 22:30:18.905] [exthost] [info] ExtensionService#_doActivateExtension vscode.git, startup: true, activationEvent: '*'
[2022-03-07 22:30:18.953] [exthost] [info] ExtensionService#_doActivateExtension vscode.github, startup: true, activationEvent: '*'
[2022-03-07 22:30:19.080] [exthost] [info] ExtensionService#_doActivateExtension ms-toolsai.jupyter-renderers, startup: false, activationEvent: 'api', root cause: ms-toolsai.jupyter
[2022-03-07 22:30:19.190] [exthost] [info] Eager extensions activated
[2022-03-07 22:30:19.193] [exthost] [info] ExtensionService#_doActivateExtension ms-python.vscode-pylance, startup: false, activationEvent: 'onLanguage:python'
[2022-03-07 22:30:19.342] [exthost] [info] ExtensionService#_doActivateExtension vscode.emmet, startup: false, activationEvent: 'onStartupFinished'
[2022-03-07 22:30:19.353] [exthost] [info] ExtensionService#_doActivateExtension vscode.merge-conflict, startup: false, activationEvent: 'onStartupFinished'
[2022-03-07 22:30:19.384] [exthost] [info] ExtensionService#_doActivateExtension vscode.github-authentication, startup: false, activationEvent: 'onAuthenticationRequest:github'
[2022-03-07 22:30:40.093] [exthost] [info] extension host terminating: renderer closed the socket
[2022-03-07 22:30:40.101] [exthost] [info] Extension host with pid 31646 exiting with code 0
[2022-03-07 22:30:41.249] [exthost] [info] Extension host with pid 31860 started
[2022-03-07 22:30:41.249] [exthost] [info] Skipping acquiring lock for /home/utilisateur/.config/Code/User/workspaceStorage/5701ea57ea8b828c90086b7a35fd39a5.
[2022-03-07 22:30:41.283] [exthost] [info] ExtensionService#_doActivateExtension vscode.microsoft-authentication, startup: false, activationEvent: 'onAuthenticationRequest:microsoft'
[2022-03-07 22:30:41.294] [exthost] [info] ExtensionService#_doActivateExtension vscode.debug-auto-launch, startup: true, activationEvent: '*'
[2022-03-07 22:30:41.295] [exthost] [info] ExtensionService#_doActivateExtension vscode.git-base, startup: true, activationEvent: '*', root cause: vscode.github
[2022-03-07 22:30:41.297] [exthost] [info] ExtensionService#_doActivateExtension vscode.ipynb, startup: true, activationEvent: '*'
[2022-03-07 22:30:41.346] [exthost] [info] ExtensionService#_doActivateExtension vscode.github, startup: true, activationEvent: '*'
[2022-03-07 22:30:41.350] [exthost] [info] Eager extensions activated
[2022-03-07 22:30:41.352] [exthost] [info] ExtensionService#_doActivateExtension vscode.emmet, startup: false, activationEvent: 'onStartupFinished'
[2022-03-07 22:30:41.355] [exthost] [info] ExtensionService#_doActivateExtension vscode.merge-conflict, startup: false, activationEvent: 'onStartupFinished'
[2022-03-07 22:30:41.372] [exthost] [info] ExtensionService#_doActivateExtension vscode.github-authentication, startup: false, activationEvent: 'onAuthenticationRequest:github'
[2022-03-07 22:30:43.145] [exthost] [info] ExtensionService#_doActivateExtension vscode.git, startup: false, activationEvent: 'api', root cause: vscode.github
[2022-03-07 22:30:44.240] [exthost] [warning] [Decorations] CAPPING events from decorations provider vscode.git 8878
[2022-03-07 22:30:46.904] [exthost] [warning] [Decorations] CAPPING events from decorations provider vscode.git 8882
[2022-03-07 22:31:20.944] [exthost] [warning] [Decorations] CAPPING events from decorations provider vscode.git 8884
[2022-03-07 22:31:29.508] [exthost] [warning] [Decorations] CAPPING events from decorations provider vscode.git 8883
[2022-03-07 22:31:35.273] [exthost] [warning] [Decorations] CAPPING events from decorations provider vscode.git 8883
[2022-03-07 22:31:41.522] [exthost] [warning] [Decorations] CAPPING events from decorations provider vscode.git 8882
[2022-03-07 22:31:48.518] [exthost] [warning] [Decorations] CAPPING events from decorations provider vscode.git 8882
[2022-03-07 22:31:57.947] [exthost] [warning] [Decorations] CAPPING events from decorations provider vscode.git 8882
[2022-03-07 22:32:03.737] [exthost] [warning] [Decorations] CAPPING events from decorations provider vscode.git 8882
[2022-03-07 22:32:09.535] [exthost] [warning] [Decorations] CAPPING events from decorations provider vscode.git 8882
[2022-03-07 22:32:22.166] [exthost] [warning] [Decorations] CAPPING events from decorations provider vscode.git 8882
[2022-03-07 22:32:27.957] [exthost] [warning] [Decorations] CAPPING events from decorations provider vscode.git 8882
[2022-03-07 22:33:00.825] [exthost] [warning] [Decorations] CAPPING events from decorations provider vscode.git 8882
[2022-03-07 22:33:06.595] [exthost] [warning] [Decorations] CAPPING events from decorations provider vscode.git 8882
[2022-03-07 22:33:18.412] [exthost] [warning] [Decorations] CAPPING events from decorations provider vscode.git 8883
[2022-03-07 22:33:24.176] [exthost] [warning] [Decorations] CAPPING events from decorations provider vscode.git 8883
[2022-03-07 22:33:30.432] [exthost] [warning] [Decorations] CAPPING events from decorations provider vscode.git 8883
[2022-03-07 22:33:36.221] [exthost] [warning] [Decorations] CAPPING events from decorations provider vscode.git 8883
[2022-03-07 22:33:42.000] [exthost] [warning] [Decorations] CAPPING events from decorations provider vscode.git 8884
[2022-03-07 22:33:47.787] [exthost] [warning] [Decorations] CAPPING events from decorations provider vscode.git 8884
[2022-03-07 22:33:54.795] [exthost] [warning] [Decorations] CAPPING events from decorations provider vscode.git 8883
[2022-03-07 22:34:59.027] [exthost] [warning] [Decorations] CAPPING events from decorations provider vscode.git 8884
[2022-03-07 22:35:24.863] [exthost] [warning] [Decorations] CAPPING events from decorations provider vscode.git 8884
[2022-03-07 22:35:26.474] [exthost] [info] extension host terminating: renderer closed the socket
[2022-03-07 22:35:26.478] [exthost] [info] Extension host with pid 31860 exiting with code 0
