[Info  - 22:30:19] (31754) Pylance language server 2022.2.4 (pyright 101e717a) starting
[Info  - 22:30:19] (31754) Server root directory: /home/utilisateur/.vscode/extensions/ms-python.vscode-pylance-2022.2.4/dist
[Info  - 22:30:19] (31754) No configuration file found.
[Info  - 22:30:19] (31754) No pyproject.toml file found.
[Info  - 22:30:19] (31754) Setting pythonPath for service "MRP": "/bin/python3"
[Warn  - 22:30:19] (31754) stubPath /home/utilisateur/mesdocuments/professionnel/cours/S4/MRP/typings is not a valid directory.
[Info  - 22:30:19] (31754) Assuming Python version 3.8
[Info  - 22:30:19] (31754) Assuming Python platform Linux
[Warn  - 22:30:20] (31754) Exception received when installing file system watcher: TypeError [ERR_FEATURE_UNAVAILABLE_ON_PLATFORM]: The feature watch recursively is unavailable on the current platform, which is being used to run Node.js
[Warn  - 22:30:20] (31754) Exception received when installing file system watcher: TypeError [ERR_FEATURE_UNAVAILABLE_ON_PLATFORM]: The feature watch recursively is unavailable on the current platform, which is being used to run Node.js
[Warn  - 22:30:20] (31754) Exception received when installing file system watcher: TypeError [ERR_FEATURE_UNAVAILABLE_ON_PLATFORM]: The feature watch recursively is unavailable on the current platform, which is being used to run Node.js
[Warn  - 22:30:20] (31754) Exception received when installing file system watcher: TypeError [ERR_FEATURE_UNAVAILABLE_ON_PLATFORM]: The feature watch recursively is unavailable on the current platform, which is being used to run Node.js
[Warn  - 22:30:20] (31754) Exception received when installing file system watcher: TypeError [ERR_FEATURE_UNAVAILABLE_ON_PLATFORM]: The feature watch recursively is unavailable on the current platform, which is being used to run Node.js
[Info  - 22:30:20] (31754) Searching for source files
[Info  - 22:30:20] (31754) Found 10 source files
[Info  - 22:30:20] (31754) Background analysis(1) root directory: /home/utilisateur/.vscode/extensions/ms-python.vscode-pylance-2022.2.4/dist
[Info  - 22:30:20] (31754) Background analysis(1) started
[Info  - 22:30:20] (31754) Indexer background runner(2) root directory: /home/utilisateur/.vscode/extensions/ms-python.vscode-pylance-2022.2.4/dist (index)
[Info  - 22:30:20] (31754) Indexing(2) started
[Info  - 22:30:21] (31754) Indexer done(2). indexed 453 files
