[2022-03-02 15:50:02.744] [sharedprocess] [info] Starting worker process with pid 6278 (type: fileWatcher, window: 1).
[2022-03-02 15:50:38.429] [sharedprocess] [info] Worker process with pid 6278 terminated normally (type: fileWatcher, window: 1).
[2022-03-02 15:50:39.042] [sharedprocess] [info] Starting worker process with pid 6413 (type: fileWatcher, window: 1).
[2022-03-02 15:50:49.887] [sharedprocess] [info] Getting Manifest... ms-python.python
[2022-03-02 15:50:49.905] [sharedprocess] [info] Installing extension: ms-python.python
[2022-03-02 15:50:50.487] [sharedprocess] [info] Getting Manifest... ms-toolsai.jupyter
[2022-03-02 15:50:51.968] [sharedprocess] [info] Getting Manifest... ms-toolsai.jupyter-keymap
[2022-03-02 15:50:52.681] [sharedprocess] [info] Getting Manifest... ms-toolsai.jupyter-renderers
[2022-03-02 15:50:53.291] [sharedprocess] [info] Getting Manifest... ms-python.vscode-pylance
[2022-03-02 15:50:53.964] [sharedprocess] [info] Installing extension: ms-toolsai.jupyter
[2022-03-02 15:50:53.964] [sharedprocess] [info] Installing extension: ms-toolsai.jupyter-keymap
[2022-03-02 15:50:53.964] [sharedprocess] [info] Installing extension: ms-toolsai.jupyter-renderers
[2022-03-02 15:50:53.964] [sharedprocess] [info] Installing extension: ms-python.vscode-pylance
[2022-03-02 15:51:16.786] [sharedprocess] [info] Downloaded extension: ms-toolsai.jupyter-keymap /home/utilisateur/.config/Code/CachedExtensionVSIXs/ms-toolsai.jupyter-keymap-1.0.0
[2022-03-02 15:51:16.801] [sharedprocess] [info] Extracted extension to /home/utilisateur/.vscode/extensions/.b5d97f1a-7af7-4e3c-8076-2d46d7ecd435: ms-toolsai.jupyter-keymap
[2022-03-02 15:51:16.803] [sharedprocess] [info] Renamed to /home/utilisateur/.vscode/extensions/ms-toolsai.jupyter-keymap-1.0.0
[2022-03-02 15:51:16.803] [sharedprocess] [info] Extracting completed. ms-toolsai.jupyter-keymap
[2022-03-02 15:51:23.054] [sharedprocess] [info] Downloaded extension: ms-toolsai.jupyter-renderers /home/utilisateur/.config/Code/CachedExtensionVSIXs/ms-toolsai.jupyter-renderers-1.0.6
[2022-03-02 15:51:23.151] [sharedprocess] [info] Extracted extension to /home/utilisateur/.vscode/extensions/.187cbc32-11a8-4a90-a1f9-d94a37c599c8: ms-toolsai.jupyter-renderers
[2022-03-02 15:51:23.153] [sharedprocess] [info] Renamed to /home/utilisateur/.vscode/extensions/ms-toolsai.jupyter-renderers-1.0.6
[2022-03-02 15:51:23.153] [sharedprocess] [info] Extracting completed. ms-toolsai.jupyter-renderers
[2022-03-02 15:51:24.147] [sharedprocess] [info] Downloaded extension: ms-toolsai.jupyter /home/utilisateur/.config/Code/CachedExtensionVSIXs/ms-toolsai.jupyter-2022.1.1301854968
[2022-03-02 15:51:24.428] [sharedprocess] [info] Extracted extension to /home/utilisateur/.vscode/extensions/.6bff5e60-765c-4dff-b533-544b35fd13bb: ms-toolsai.jupyter
[2022-03-02 15:51:24.432] [sharedprocess] [info] Renamed to /home/utilisateur/.vscode/extensions/ms-toolsai.jupyter-2022.1.1301854968
[2022-03-02 15:51:24.435] [sharedprocess] [info] Extracting completed. ms-toolsai.jupyter
[2022-03-02 15:51:28.550] [sharedprocess] [info] Downloaded extension: ms-python.python /home/utilisateur/.config/Code/CachedExtensionVSIXs/ms-python.python-2022.0.1814523869
[2022-03-02 15:51:29.532] [sharedprocess] [info] Extracted extension to /home/utilisateur/.vscode/extensions/.53a945e6-b892-446b-8f21-b9377e8db391: ms-python.python
[2022-03-02 15:51:29.537] [sharedprocess] [info] Renamed to /home/utilisateur/.vscode/extensions/ms-python.python-2022.0.1814523869
[2022-03-02 15:51:29.538] [sharedprocess] [info] Extracting completed. ms-python.python
[2022-03-02 15:51:45.294] [sharedprocess] [info] Downloaded extension: ms-python.vscode-pylance /home/utilisateur/.config/Code/CachedExtensionVSIXs/ms-python.vscode-pylance-2022.2.4
[2022-03-02 15:51:46.613] [sharedprocess] [info] Extracted extension to /home/utilisateur/.vscode/extensions/.6d0eeaa5-505b-470a-ad37-f9f47ec8c29d: ms-python.vscode-pylance
[2022-03-02 15:51:46.617] [sharedprocess] [info] Renamed to /home/utilisateur/.vscode/extensions/ms-python.vscode-pylance-2022.2.4
[2022-03-02 15:51:46.618] [sharedprocess] [info] Extracting completed. ms-python.vscode-pylance
[2022-03-02 15:51:46.621] [sharedprocess] [info] Extension installed successfully: ms-toolsai.jupyter-keymap
[2022-03-02 15:51:46.622] [sharedprocess] [info] Extension installed successfully: ms-toolsai.jupyter-renderers
[2022-03-02 15:51:46.622] [sharedprocess] [info] Extension installed successfully: ms-toolsai.jupyter
[2022-03-02 15:51:46.622] [sharedprocess] [info] Extension installed successfully: ms-python.python
[2022-03-02 15:51:46.622] [sharedprocess] [info] Extension installed successfully: ms-python.vscode-pylance
