Visual Studio Code (1.64.2, undefined, desktop)
Jupyter Extension Version: 2022.1.1301854968.
Python Extension Version: 2022.0.1814523869.
Error 15:51:47: Exception while attempting zmq : [Error: /snap/core/current/usr/lib/x86_64-linux-gnu/libstdc++.so.6: version `GLIBCXX_3.4.22' not found (required by /home/utilisateur/.vscode/extensions/ms-toolsai.jupyter-2022.1.1301854968/out/client/node_modules/zeromq/prebuilds/linux-x64/electron.napi.glibc.node)
	at process.func [as dlopen] (electron/js2c/asar_bundle.js:5:1846)
	at Object.Module._extensions..node (internal/modules/cjs/loader.js:1185:18)
	at Object.func [as .node] (electron/js2c/asar_bundle.js:5:1846)
	at Module.load (internal/modules/cjs/loader.js:982:32)
	at Module._load (internal/modules/cjs/loader.js:823:14)
	at Function.f._load (electron/js2c/asar_bundle.js:5:12913)
	at Function.i._load (/snap/code/88/usr/share/code/resources/app/out/vs/workbench/services/extensions/node/extensionHostProcess.js:112:32271)
	at Function.p._load (/snap/code/88/usr/share/code/resources/app/out/vs/workbench/services/extensions/node/extensionHostProcess.js:112:28855)
	at Function.v._load (/snap/code/88/usr/share/code/resources/app/out/vs/workbench/services/extensions/node/extensionHostProcess.js:107:60382)
	at Module.require (internal/modules/cjs/loader.js:1006:19)
	at h (/snap/code/88/usr/share/code/resources/app/out/vs/loader.js:4:699)
	at load (/home/utilisateur/.vscode/extensions/ms-toolsai.jupyter-2022.1.1301854968/out/client/node_modules/node-gyp-build/index.js:21:10)
	at Object.<anonymous> (/home/utilisateur/.vscode/extensions/ms-toolsai.jupyter-2022.1.1301854968/out/client/node_modules/zeromq/lib/native.js:6:43)
	at Module.u._compile (/snap/code/88/usr/share/code/resources/app/out/vs/loader.js:4:1313)
	at Object.Module._extensions..js (internal/modules/cjs/loader.js:1155:10)
	at Module.load (internal/modules/cjs/loader.js:982:32)
	at Module._load (internal/modules/cjs/loader.js:823:14)
	at Function.f._load (electron/js2c/asar_bundle.js:5:12913)
	at Function.i._load (/snap/code/88/usr/share/code/resources/app/out/vs/workbench/services/extensions/node/extensionHostProcess.js:112:32271)
	at Function.p._load (/snap/code/88/usr/share/code/resources/app/out/vs/workbench/services/extensions/node/extensionHostProcess.js:112:28855)
	at Function.v._load (/snap/code/88/usr/share/code/resources/app/out/vs/workbench/services/extensions/node/extensionHostProcess.js:107:60382)
	at Module.require (internal/modules/cjs/loader.js:1006:19)
	at h (/snap/code/88/usr/share/code/resources/app/out/vs/loader.js:4:699)
	at Object.<anonymous> (/home/utilisateur/.vscode/extensions/ms-toolsai.jupyter-2022.1.1301854968/out/client/node_modules/zeromq/lib/index.js:3:16)
	at Module.u._compile (/snap/code/88/usr/share/code/resources/app/out/vs/loader.js:4:1313)
	at Object.Module._extensions..js (internal/modules/cjs/loader.js:1155:10)
	at Module.load (internal/modules/cjs/loader.js:982:32)
	at Module._load (internal/modules/cjs/loader.js:823:14)
	at Function.f._load (electron/js2c/asar_bundle.js:5:12913)
	at Function.i._load (/snap/code/88/usr/share/code/resources/app/out/vs/workbench/services/extensions/node/extensionHostProcess.js:112:32271)
	at Function.p._load (/snap/code/88/usr/share/code/resources/app/out/vs/workbench/services/extensions/node/extensionHostProcess.js:112:28855)
	at Function.v._load (/snap/code/88/usr/share/code/resources/app/out/vs/workbench/services/extensions/node/extensionHostProcess.js:107:60382)
	at Module.require (internal/modules/cjs/loader.js:1006:19)
	at h (/snap/code/88/usr/share/code/resources/app/out/vs/loader.js:4:699)
	at Object.<anonymous> (/home/utilisateur/.vscode/extensions/ms-toolsai.jupyter-2022.1.1301854968/out/client/extension.js:51:195125)
	at n (/home/utilisateur/.vscode/extensions/ms-toolsai.jupyter-2022.1.1301854968/out/client/extension.js:1:186)
	at d.zmqSupported (/home/utilisateur/.vscode/extensions/ms-toolsai.jupyter-2022.1.1301854968/out/client/extension.js:113:223967)
	at d.isSupportedForLocalLaunch (/home/utilisateur/.vscode/extensions/ms-toolsai.jupyter-2022.1.1301854968/out/client/extension.js:113:223758)
	at d.get isSupported [as isSupported] (/home/utilisateur/.vscode/extensions/ms-toolsai.jupyter-2022.1.1301854968/out/client/extension.js:113:223668)
	at t.registerTypes (/home/utilisateur/.vscode/extensions/ms-toolsai.jupyter-2022.1.1301854968/out/client/extension.js:66:1057793)
	at /home/utilisateur/.vscode/extensions/ms-toolsai.jupyter-2022.1.1301854968/out/client/extension.js:66:275217
	at processTicksAndRejections (internal/process/task_queues.js:93:5)
	at async /home/utilisateur/.vscode/extensions/ms-toolsai.jupyter-2022.1.1301854968/out/client/extension.js:51:785282
	at async t.activate (/home/utilisateur/.vscode/extensions/ms-toolsai.jupyter-2022.1.1301854968/out/client/extension.js:51:784961)
	at async Promise.all (index 0)
	at async w.$activate (/snap/code/88/usr/share/code/resources/app/out/vs/workbench/services/extensions/node/extensionHostProcess.js:98:21810)]
Error 15:51:47: Jupyter Extension (Error in Failed to update settings.json, method:fixSettingsFile): [EntryNotFound (FileSystemError): Unable to read file '/home/utilisateur/.config/Code/User/settings.json' (Error: Unable to resolve nonexistent file '/home/utilisateur/.config/Code/User/settings.json')
	at Function._handleError (/snap/code/88/usr/share/code/resources/app/out/vs/workbench/services/extensions/node/extensionHostProcess.js:93:83879)
	at Object.readFile (/snap/code/88/usr/share/code/resources/app/out/vs/workbench/services/extensions/node/extensionHostProcess.js:93:82793)
	at processTicksAndRejections (internal/process/task_queues.js:93:5)
	at async m.readFile (/home/utilisateur/.vscode/extensions/ms-toolsai.jupyter-2022.1.1301854968/out/client/extension.js:124:42473)
	at async g.fixSettingsFile (/home/utilisateur/.vscode/extensions/ms-toolsai.jupyter-2022.1.1301854968/out/client/extension.js:66:521159)
	at async Promise.all (index 0)
	at async g.updateSettings (/home/utilisateur/.vscode/extensions/ms-toolsai.jupyter-2022.1.1301854968/out/client/extension.js:66:522909)] {
  code: 'FileNotFound'
}
Error 15:51:47: Jupyter Extension (Error in Failed to update settings.json, method:fixSettingsFile): [EntryNotFound (FileSystemError): Unable to read file '/home/utilisateur/mesdocuments/professionnel/cours/S4/MRP/.vscode/settings.json' (Error: Unable to resolve nonexistent file '/home/utilisateur/mesdocuments/professionnel/cours/S4/MRP/.vscode/settings.json')
	at Function._handleError (/snap/code/88/usr/share/code/resources/app/out/vs/workbench/services/extensions/node/extensionHostProcess.js:93:83879)
	at Object.readFile (/snap/code/88/usr/share/code/resources/app/out/vs/workbench/services/extensions/node/extensionHostProcess.js:93:82793)
	at processTicksAndRejections (internal/process/task_queues.js:93:5)
	at async m.readFile (/home/utilisateur/.vscode/extensions/ms-toolsai.jupyter-2022.1.1301854968/out/client/extension.js:124:42473)
	at async g.fixSettingsFile (/home/utilisateur/.vscode/extensions/ms-toolsai.jupyter-2022.1.1301854968/out/client/extension.js:66:521159)
	at async Promise.all (index 1)
	at async g.updateSettings (/home/utilisateur/.vscode/extensions/ms-toolsai.jupyter-2022.1.1301854968/out/client/extension.js:66:522909)] {
  code: 'FileNotFound'
}
Info 15:51:47: Experiment status for python is {"enabled":true,"optInto":[],"optOutFrom":[]}
Info 15:51:47: Getting activation commands for /bin/python3 are not cached. May take a while.
Info 15:51:47: Process Execution: > /bin/python3 -m pip list
> /bin/python3 -m pip list
Info 15:51:47: Process Execution: > /bin/python3 -c "import jupyter"
> /bin/python3 -c "import jupyter"
Info 15:51:47: Process Execution: > /bin/python3 -c "import notebook"
> /bin/python3 -c "import notebook"
Info 15:51:47: Process Execution: > /bin/python3 -c "import pip"
> /bin/python3 -c "import pip"
Info 15:53:09: Shutting down notebooks for dc111a14-cef1-40f6-b398-babde32cc0f1
Info 15:53:09: Disposing HostJupyterExecution e56bc254-ff20-457e-9ce6-7b4dbe66a8ff
Info 15:53:09: Disposing super HostJupyterExecution e56bc254-ff20-457e-9ce6-7b4dbe66a8ff
Info 15:53:09: Disposing HostJupyterExecution e56bc254-ff20-457e-9ce6-7b4dbe66a8ff
Info 15:53:09: Finished disposing HostJupyterExecution  e56bc254-ff20-457e-9ce6-7b4dbe66a8ff
Info 15:53:09: Cleaning up server cache e56bc254-ff20-457e-9ce6-7b4dbe66a8ff
Info 15:53:09: Finished disposing HostJupyterExecution  e56bc254-ff20-457e-9ce6-7b4dbe66a8ff
