[2022-03-02 15:50:02.344] [exthost] [info] Extension host with pid 6237 started
[2022-03-02 15:50:02.372] [exthost] [info] ExtensionService#_doActivateExtension vscode.microsoft-authentication, startup: false, activationEvent: 'onAuthenticationRequest:microsoft'
[2022-03-02 15:50:02.403] [exthost] [info] ExtensionService#_doActivateExtension vscode.debug-auto-launch, startup: true, activationEvent: '*'
[2022-03-02 15:50:02.405] [exthost] [info] ExtensionService#_doActivateExtension vscode.git-base, startup: true, activationEvent: '*', root cause: vscode.github
[2022-03-02 15:50:02.426] [exthost] [info] ExtensionService#_doActivateExtension vscode.git, startup: true, activationEvent: '*'
[2022-03-02 15:50:02.475] [exthost] [info] ExtensionService#_doActivateExtension vscode.github, startup: true, activationEvent: '*'
[2022-03-02 15:50:02.519] [exthost] [info] Eager extensions activated
[2022-03-02 15:50:02.519] [exthost] [info] ExtensionService#_doActivateExtension vscode.github-authentication, startup: false, activationEvent: 'onAuthenticationRequest:github'
[2022-03-02 15:50:02.557] [exthost] [info] ExtensionService#_doActivateExtension vscode.emmet, startup: false, activationEvent: 'onStartupFinished'
[2022-03-02 15:50:02.570] [exthost] [info] ExtensionService#_doActivateExtension vscode.merge-conflict, startup: false, activationEvent: 'onStartupFinished'
[2022-03-02 15:50:38.423] [exthost] [info] extension host terminating: renderer closed the socket
[2022-03-02 15:50:38.426] [exthost] [info] Extension host with pid 6237 exiting with code 0
[2022-03-02 15:50:39.352] [exthost] [info] Extension host with pid 6412 started
[2022-03-02 15:50:39.352] [exthost] [info] Skipping acquiring lock for /home/utilisateur/.config/Code/User/workspaceStorage/da3ae103a85630172763374e54cc7e22.
[2022-03-02 15:50:39.391] [exthost] [info] ExtensionService#_doActivateExtension vscode.microsoft-authentication, startup: false, activationEvent: 'onAuthenticationRequest:microsoft'
[2022-03-02 15:50:39.399] [exthost] [info] ExtensionService#_doActivateExtension vscode.debug-auto-launch, startup: true, activationEvent: '*'
[2022-03-02 15:50:39.400] [exthost] [info] ExtensionService#_doActivateExtension vscode.git-base, startup: true, activationEvent: '*', root cause: vscode.github
[2022-03-02 15:50:39.410] [exthost] [info] ExtensionService#_doActivateExtension vscode.github, startup: true, activationEvent: '*'
[2022-03-02 15:50:39.415] [exthost] [info] Eager extensions activated
[2022-03-02 15:50:39.416] [exthost] [info] ExtensionService#_doActivateExtension vscode.emmet, startup: false, activationEvent: 'onStartupFinished'
[2022-03-02 15:50:39.419] [exthost] [info] ExtensionService#_doActivateExtension vscode.merge-conflict, startup: false, activationEvent: 'onStartupFinished'
[2022-03-02 15:50:39.429] [exthost] [info] ExtensionService#_doActivateExtension vscode.github-authentication, startup: false, activationEvent: 'onAuthenticationRequest:github'
[2022-03-02 15:50:40.712] [exthost] [info] ExtensionService#_doActivateExtension vscode.git, startup: false, activationEvent: 'api', root cause: vscode.github
[2022-03-02 15:51:46.865] [exthost] [info] ExtensionService#_doActivateExtension ms-toolsai.jupyter, startup: false, activationEvent: 'onLanguage:python'
[2022-03-02 15:51:47.049] [exthost] [info] ExtensionService#_doActivateExtension ms-python.python, startup: false, activationEvent: 'onLanguage:python'
[2022-03-02 15:51:47.321] [exthost] [info] ExtensionService#_doActivateExtension ms-toolsai.jupyter-renderers, startup: false, activationEvent: 'api', root cause: ms-toolsai.jupyter
[2022-03-02 15:51:47.691] [exthost] [info] ExtensionService#_doActivateExtension ms-python.vscode-pylance, startup: false, activationEvent: 'onLanguage:python'
[2022-03-02 15:53:09.316] [exthost] [info] extension host terminating: renderer closed the socket
[2022-03-02 15:53:09.326] [exthost] [info] Extension host with pid 6412 exiting with code 0
